::1 - - [21/May/2023:11:59:44 +0000] "GET / HTTP/1.1" 200 13 "-" "PostmanRuntime/7.32.2"
::1 - - [21/May/2023:11:59:49 +0000] "GET /user HTTP/1.1" 404 143 "-" "PostmanRuntime/7.32.2"
::1 - - [21/May/2023:11:59:54 +0000] "GET / HTTP/1.1" 200 13 "-" "PostmanRuntime/7.32.2"
::1 - - [21/May/2023:12:02:48 +0000] "GET /jn HTTP/1.1" 404 21 "-" "PostmanRuntime/7.32.2"
::1 - - [21/May/2023:12:02:48 +0000] "GET /jn HTTP/1.1" 404 21 "-" "PostmanRuntime/7.32.2"
::1 - - [21/May/2023:12:17:19 +0000] "GET /users HTTP/1.1" 200 42 "-" "PostmanRuntime/7.32.2"
::1 - - [21/May/2023:12:17:19 +0000] "GET /users HTTP/1.1" 200 42 "-" "PostmanRuntime/7.32.2"
::1 - - [21/May/2023:12:19:24 +0000] "POST /users HTTP/1.1" 200 31 "-" "PostmanRuntime/7.32.2"
::1 - - [21/May/2023:12:19:24 +0000] "POST /users HTTP/1.1" 200 31 "-" "PostmanRuntime/7.32.2"
::1 - - [21/May/2023:12:22:29 +0000] "POST /users HTTP/1.1" 200 31 "-" "PostmanRuntime/7.32.2"
::1 - - [21/May/2023:12:22:29 +0000] "POST /users HTTP/1.1" 200 31 "-" "PostmanRuntime/7.32.2"
::1 - - [21/May/2023:12:22:30 +0000] "POST /users HTTP/1.1" 200 31 "-" "PostmanRuntime/7.32.2"
::1 - - [21/May/2023:12:22:30 +0000] "POST /users HTTP/1.1" 200 31 "-" "PostmanRuntime/7.32.2"
::1 - - [21/May/2023:12:23:10 +0000] "POST /users HTTP/1.1" 200 31 "-" "PostmanRuntime/7.32.2"
::1 - - [21/May/2023:12:23:10 +0000] "POST /users HTTP/1.1" 200 31 "-" "PostmanRuntime/7.32.2"
::1 - - [21/May/2023:12:23:14 +0000] "POST /users HTTP/1.1" 200 31 "-" "PostmanRuntime/7.32.2"
::1 - - [21/May/2023:12:23:14 +0000] "POST /users HTTP/1.1" 200 31 "-" "PostmanRuntime/7.32.2"
::1 - - [21/May/2023:12:25:25 +0000] "GET /users HTTP/1.1" 200 170 "-" "PostmanRuntime/7.32.2"
::1 - - [21/May/2023:12:25:25 +0000] "GET /users HTTP/1.1" 200 170 "-" "PostmanRuntime/7.32.2"
::1 - - [21/May/2023:12:25:39 +0000] "POST /users HTTP/1.1" 200 27 "-" "PostmanRuntime/7.32.2"
::1 - - [21/May/2023:12:25:39 +0000] "POST /users HTTP/1.1" 200 27 "-" "PostmanRuntime/7.32.2"
::1 - - [21/May/2023:12:27:14 +0000] "POST /users HTTP/1.1" 200 27 "-" "PostmanRuntime/7.32.2"
::1 - - [21/May/2023:12:27:14 +0000] "POST /users HTTP/1.1" 200 27 "-" "PostmanRuntime/7.32.2"
::1 - - [21/May/2023:12:28:21 +0000] "POST /users HTTP/1.1" 200 27 "-" "PostmanRuntime/7.32.2"
::1 - - [21/May/2023:12:28:21 +0000] "POST /users HTTP/1.1" 200 27 "-" "PostmanRuntime/7.32.2"
::1 - - [21/May/2023:12:29:08 +0000] "POST /users HTTP/1.1" 201 27 "-" "PostmanRuntime/7.32.2"
::1 - - [21/May/2023:12:29:08 +0000] "POST /users HTTP/1.1" 201 27 "-" "PostmanRuntime/7.32.2"
::1 - - [21/May/2023:12:29:26 +0000] "POST /users HTTP/1.1" 201 27 "-" "PostmanRuntime/7.32.2"
::1 - - [21/May/2023:12:29:26 +0000] "POST /users HTTP/1.1" 201 27 "-" "PostmanRuntime/7.32.2"
